2017-03-11T15:41:25.154Z - error: Error when processing render request Error during rendering report: Unsupported module in scripts: sendgrid. To enable require on particular module, you need to update the configuration as {"scripts": { "allowedModules": ["sendgrid"] } } ... Alternatively you can also set "*" to allowedModules to enable everything Error: Unsupported module in scripts: sendgrid. To enable require on particular module, you need to update the configuration as {"scripts": { "allowedModules": ["sendgrid"] } } ... Alternatively you can also set "*" to allowedModules to enable everything
    at _require (/Volumes/DATA/workspace/jsreport-send-mail/node_modules/jsreport-scripts/lib/scriptEvalChild.js:44:11)
    at afterRender (evalmachine.<anonymous>:2:18)
    at evalmachine.<anonymous>:13:42
    at ContextifyScript.Script.runInNewContext (vm.js:18:15)
    at Object.exports.runInNewContext (vm.js:49:17)
    at module.exports (/Volumes/DATA/workspace/jsreport-send-mail/node_modules/jsreport-scripts/lib/scriptEvalChild.js:123:6)
    at process.<anonymous> (/Volumes/DATA/workspace/jsreport-send-mail/node_modules/script-manager/lib/worker-processes.js:36:36)
    at emitTwo (events.js:87:13)
    at process.emit (events.js:172:7)
    at internal/child_process.js:721:12 requestId=1
2017-03-11T15:41:58.676Z - error: Error when processing render request Error during rendering report: Unsupported module in scripts: sendgrid. To enable require on particular module, you need to update the configuration as {"scripts": { "allowedModules": ["sendgrid"] } } ... Alternatively you can also set "*" to allowedModules to enable everything Error: Unsupported module in scripts: sendgrid. To enable require on particular module, you need to update the configuration as {"scripts": { "allowedModules": ["sendgrid"] } } ... Alternatively you can also set "*" to allowedModules to enable everything
    at _require (/Volumes/DATA/workspace/jsreport-send-mail/node_modules/jsreport-scripts/lib/scriptEvalChild.js:44:11)
    at afterRender (evalmachine.<anonymous>:2:18)
    at evalmachine.<anonymous>:13:42
    at ContextifyScript.Script.runInNewContext (vm.js:18:15)
    at Object.exports.runInNewContext (vm.js:49:17)
    at module.exports (/Volumes/DATA/workspace/jsreport-send-mail/node_modules/jsreport-scripts/lib/scriptEvalChild.js:123:6)
    at process.<anonymous> (/Volumes/DATA/workspace/jsreport-send-mail/node_modules/script-manager/lib/worker-processes.js:36:36)
    at emitTwo (events.js:87:13)
    at process.emit (events.js:172:7)
    at internal/child_process.js:721:12 requestId=1
2017-03-11T15:42:00.191Z - error: Error when processing render request Error during rendering report: Unsupported module in scripts: sendgrid. To enable require on particular module, you need to update the configuration as {"scripts": { "allowedModules": ["sendgrid"] } } ... Alternatively you can also set "*" to allowedModules to enable everything Error: Unsupported module in scripts: sendgrid. To enable require on particular module, you need to update the configuration as {"scripts": { "allowedModules": ["sendgrid"] } } ... Alternatively you can also set "*" to allowedModules to enable everything
    at _require (/Volumes/DATA/workspace/jsreport-send-mail/node_modules/jsreport-scripts/lib/scriptEvalChild.js:44:11)
    at afterRender (evalmachine.<anonymous>:2:18)
    at evalmachine.<anonymous>:13:42
    at ContextifyScript.Script.runInNewContext (vm.js:18:15)
    at Object.exports.runInNewContext (vm.js:49:17)
    at module.exports (/Volumes/DATA/workspace/jsreport-send-mail/node_modules/jsreport-scripts/lib/scriptEvalChild.js:123:6)
    at process.<anonymous> (/Volumes/DATA/workspace/jsreport-send-mail/node_modules/script-manager/lib/worker-processes.js:36:36)
    at emitTwo (events.js:87:13)
    at process.emit (events.js:172:7)
    at internal/child_process.js:721:12 requestId=2
2017-03-11T15:42:08.194Z - error: Error when processing render request Error during rendering report: Unsupported module in scripts: sendgrid. To enable require on particular module, you need to update the configuration as {"scripts": { "allowedModules": ["sendgrid"] } } ... Alternatively you can also set "*" to allowedModules to enable everything Error: Unsupported module in scripts: sendgrid. To enable require on particular module, you need to update the configuration as {"scripts": { "allowedModules": ["sendgrid"] } } ... Alternatively you can also set "*" to allowedModules to enable everything
    at _require (/Volumes/DATA/workspace/jsreport-send-mail/node_modules/jsreport-scripts/lib/scriptEvalChild.js:44:11)
    at afterRender (evalmachine.<anonymous>:2:18)
    at evalmachine.<anonymous>:13:42
    at ContextifyScript.Script.runInNewContext (vm.js:18:15)
    at Object.exports.runInNewContext (vm.js:49:17)
    at module.exports (/Volumes/DATA/workspace/jsreport-send-mail/node_modules/jsreport-scripts/lib/scriptEvalChild.js:123:6)
    at process.<anonymous> (/Volumes/DATA/workspace/jsreport-send-mail/node_modules/script-manager/lib/worker-processes.js:36:36)
    at emitTwo (events.js:87:13)
    at process.emit (events.js:172:7)
    at internal/child_process.js:721:12 requestId=3
2017-03-11T15:42:09.686Z - error: Error when processing render request Error during rendering report: Unsupported module in scripts: sendgrid. To enable require on particular module, you need to update the configuration as {"scripts": { "allowedModules": ["sendgrid"] } } ... Alternatively you can also set "*" to allowedModules to enable everything Error: Unsupported module in scripts: sendgrid. To enable require on particular module, you need to update the configuration as {"scripts": { "allowedModules": ["sendgrid"] } } ... Alternatively you can also set "*" to allowedModules to enable everything
    at _require (/Volumes/DATA/workspace/jsreport-send-mail/node_modules/jsreport-scripts/lib/scriptEvalChild.js:44:11)
    at afterRender (evalmachine.<anonymous>:2:18)
    at evalmachine.<anonymous>:13:42
    at ContextifyScript.Script.runInNewContext (vm.js:18:15)
    at Object.exports.runInNewContext (vm.js:49:17)
    at module.exports (/Volumes/DATA/workspace/jsreport-send-mail/node_modules/jsreport-scripts/lib/scriptEvalChild.js:123:6)
    at process.<anonymous> (/Volumes/DATA/workspace/jsreport-send-mail/node_modules/script-manager/lib/worker-processes.js:36:36)
    at emitTwo (events.js:87:13)
    at process.emit (events.js:172:7)
    at internal/child_process.js:721:12 requestId=4
2017-03-11T15:58:49.946Z - error: Error when processing render request Error during rendering report: console is not a function TypeError: console is not a function
    at evalmachine.<anonymous>:32:7
    at /Volumes/DATA/workspace/jsreport-send-mail/node_modules/sendgrid/lib/sendgrid.js:117:7
    at IncomingMessage.<anonymous> (/Volumes/DATA/workspace/jsreport-send-mail/node_modules/sendgrid-rest/lib/client.js:108:9)
    at emitNone (events.js:72:20)
    at IncomingMessage.emit (events.js:166:7)
    at endReadableNT (_stream_readable.js:923:12)
    at nextTickCallbackWith2Args (node.js:458:9)
    at process._tickCallback (node.js:372:17) requestId=1
2017-03-11T15:58:52.509Z - error: Error when processing render request Error during rendering report: console is not a function TypeError: console is not a function
    at evalmachine.<anonymous>:32:7
    at /Volumes/DATA/workspace/jsreport-send-mail/node_modules/sendgrid/lib/sendgrid.js:117:7
    at IncomingMessage.<anonymous> (/Volumes/DATA/workspace/jsreport-send-mail/node_modules/sendgrid-rest/lib/client.js:108:9)
    at emitNone (events.js:72:20)
    at IncomingMessage.emit (events.js:166:7)
    at endReadableNT (_stream_readable.js:923:12)
    at nextTickCallbackWith2Args (node.js:458:9)
    at process._tickCallback (node.js:372:17) requestId=2
2017-03-11T15:59:09.405Z - error: error sending email: SendGridError: Response error timestamp=Sat Mar 11 2017 10:59:09 GMT-0500 (PET), requestId=1
2017-03-11T15:59:12.078Z - error: error sending email: SendGridError: Response error timestamp=Sat Mar 11 2017 10:59:12 GMT-0500 (PET), requestId=2
2017-03-11T16:01:21.805Z - error: error sending email: SendGridError: Response error [object Object] timestamp=Sat Mar 11 2017 11:01:21 GMT-0500 (PET), requestId=1
2017-03-11T16:01:24.311Z - error: error sending email: SendGridError: Response error [object Object] timestamp=Sat Mar 11 2017 11:01:24 GMT-0500 (PET), requestId=2
2017-03-11T16:02:19.646Z - error: error sending email: SendGridError: Response error timestamp=Sat Mar 11 2017 11:02:19 GMT-0500 (PET), requestId=1
2017-03-11T16:02:19.646Z - error: [object Object] timestamp=Sat Mar 11 2017 11:02:19 GMT-0500 (PET), requestId=1
2017-03-11T16:02:22.381Z - error: error sending email: SendGridError: Response error timestamp=Sat Mar 11 2017 11:02:22 GMT-0500 (PET), requestId=2
2017-03-11T16:02:22.381Z - error: [object Object] timestamp=Sat Mar 11 2017 11:02:22 GMT-0500 (PET), requestId=2
2017-03-11T16:02:51.205Z - error: error sending email: SendGridError: Response error timestamp=Sat Mar 11 2017 11:02:51 GMT-0500 (PET), requestId=1
2017-03-11T16:02:51.205Z - error: {"errors":[{"message":"The provided authorization grant is invalid, expired, or revoked","field":null,"help":null}]} timestamp=Sat Mar 11 2017 11:02:51 GMT-0500 (PET), requestId=1
2017-03-11T16:02:53.782Z - error: error sending email: SendGridError: Response error timestamp=Sat Mar 11 2017 11:02:53 GMT-0500 (PET), requestId=2
2017-03-11T16:02:53.782Z - error: {"errors":[{"message":"The provided authorization grant is invalid, expired, or revoked","field":null,"help":null}]} timestamp=Sat Mar 11 2017 11:02:53 GMT-0500 (PET), requestId=2
2017-03-11T16:06:04.572Z - error: error sending email: SendGridError: Response error timestamp=Sat Mar 11 2017 11:06:04 GMT-0500 (PET), requestId=1
2017-03-11T16:06:04.573Z - error: {"errors":[{"message":"The from object must be provided for every email send. It is an object that requires the email parameter, but may also contain a name parameter.  e.g. {\"email\" : \"example@example.com\"}  or {\"email\" : \"example@example.com\", \"name\" : \"Example Recipient\"}.","field":"from.email","help":"http://sendgrid.com/docs/API_Reference/Web_API_v3/Mail/errors.html#message.from"},{"message":"The personalizations field is required and must have at least one personalization.","field":"personalizations","help":"http://sendgrid.com/docs/API_Reference/Web_API_v3/Mail/errors.html#-Personalizations-Errors"},{"message":"Unless a valid template_id is provided, the content parameter is required. There must be at least one defined content block. We typically suggest both text/plain and text/html blocks are included, but only one block is required.","field":"content","help":"http://sendgrid.com/docs/API_Reference/Web_API_v3/Mail/errors.html#message.content"}]} timestamp=Sat Mar 11 2017 11:06:04 GMT-0500 (PET), requestId=1
2017-03-11T16:06:07.671Z - error: error sending email: SendGridError: Response error timestamp=Sat Mar 11 2017 11:06:07 GMT-0500 (PET), requestId=2
2017-03-11T16:06:07.671Z - error: {"errors":[{"message":"The from object must be provided for every email send. It is an object that requires the email parameter, but may also contain a name parameter.  e.g. {\"email\" : \"example@example.com\"}  or {\"email\" : \"example@example.com\", \"name\" : \"Example Recipient\"}.","field":"from.email","help":"http://sendgrid.com/docs/API_Reference/Web_API_v3/Mail/errors.html#message.from"},{"message":"The personalizations field is required and must have at least one personalization.","field":"personalizations","help":"http://sendgrid.com/docs/API_Reference/Web_API_v3/Mail/errors.html#-Personalizations-Errors"},{"message":"Unless a valid template_id is provided, the content parameter is required. There must be at least one defined content block. We typically suggest both text/plain and text/html blocks are included, but only one block is required.","field":"content","help":"http://sendgrid.com/docs/API_Reference/Web_API_v3/Mail/errors.html#message.content"}]} timestamp=Sat Mar 11 2017 11:06:07 GMT-0500 (PET), requestId=2
2017-03-11T16:11:15.612Z - error: error sending email: SendGridError: Response error timestamp=Sat Mar 11 2017 11:11:15 GMT-0500 (PET), requestId=1
2017-03-11T16:11:15.612Z - error: {"errors":[{"message":"Unless a valid template_id is provided, the content parameter is required. There must be at least one defined content block. We typically suggest both text/plain and text/html blocks are included, but only one block is required.","field":"content","help":"http://sendgrid.com/docs/API_Reference/Web_API_v3/Mail/errors.html#message.content"}]} timestamp=Sat Mar 11 2017 11:11:15 GMT-0500 (PET), requestId=1
2017-03-11T16:11:18.490Z - error: error sending email: SendGridError: Response error timestamp=Sat Mar 11 2017 11:11:18 GMT-0500 (PET), requestId=2
2017-03-11T16:11:18.490Z - error: {"errors":[{"message":"Unless a valid template_id is provided, the content parameter is required. There must be at least one defined content block. We typically suggest both text/plain and text/html blocks are included, but only one block is required.","field":"content","help":"http://sendgrid.com/docs/API_Reference/Web_API_v3/Mail/errors.html#message.content"}]} timestamp=Sat Mar 11 2017 11:11:18 GMT-0500 (PET), requestId=2
